11/30 10:16 - {train_predict.py:51} - Running new experiment
========================

11/30 10:16 - {train_predict.py:56} - {'model_params': {'params': {'kernel': 'poly', 'C': 0.020235896477251575, 'degree': 4, 'gamma': 6.250551925273976}, 'type': 'svm'}, 'data_params': None, 'pre_params': {'type': 'normalize'}, 'result': 0.012666666666666666}
11/30 10:16 - {train_predict.py:61} - y shape: (3000,)
11/30 10:16 - {train_predict.py:62} - x shape: (3000, 256)
11/30 10:16 - {train_predict.py:86} - fitting model started ....
11/30 10:16 - {train_predict.py:88} - model fitting finished
11/30 10:16 - {train_predict.py:97} - score_test: 0.0293333333333
11/30 10:16 - {train_predict.py:98} - score_train: 0.0
11/30 10:16 - {train_predict.py:51} - Running new experiment
========================

11/30 10:16 - {train_predict.py:56} - {'model_params': {'bag': {'n_estimators': 10, 'n_jobs': 1}, 'params': {'max_features': 'auto', 'splitter': 'best', 'max_depth': 17}, 'type': 'decisionTree'}, 'data_params': None, 'pre_params': {'type': 'normalize'}, 'result': 0.826}
11/30 10:16 - {train_predict.py:61} - y shape: (3000,)
11/30 10:16 - {train_predict.py:62} - x shape: (3000, 256)
11/30 10:16 - {train_predict.py:86} - fitting model started ....
11/30 10:16 - {train_predict.py:88} - model fitting finished
11/30 10:16 - {train_predict.py:97} - score_test: 0.838666666667
11/30 10:16 - {train_predict.py:98} - score_train: 0.617333333333
11/30 10:16 - {train_predict.py:51} - Running new experiment
========================

11/30 10:16 - {train_predict.py:56} - {'model_params': {'params': {'alpha': 1.6768329368110066, 'random_state': 1, 'algorithm': 'l-bfgs', 'batch_size': 500, 'hidden_layer_sizes': [28, 24]}, 'type': 'MLPClassifier'}, 'data_params': None, 'pre_params': {'type': 'standard'}, 'result': 0.054}
11/30 10:16 - {train_predict.py:61} - y shape: (3000,)
11/30 10:16 - {train_predict.py:62} - x shape: (3000, 256)
11/30 10:16 - {train_predict.py:86} - fitting model started ....
11/30 10:16 - {train_predict.py:88} - model fitting finished
11/30 10:16 - {train_predict.py:97} - score_test: 0.0706666666667
11/30 10:16 - {train_predict.py:98} - score_train: 0.0
11/30 10:16 - {train_predict.py:51} - Running new experiment
========================

11/30 10:16 - {train_predict.py:56} - {'model_params': {'params': {'max_features': 'auto', 'max_depth': 13}, 'type': 'RandomForestClassifier'}, 'data_params': None, 'pre_params': {'type': 'normalize'}, 'result': 0.31533333333333335}
11/30 10:16 - {train_predict.py:61} - y shape: (3000,)
11/30 10:16 - {train_predict.py:62} - x shape: (3000, 256)
11/30 10:16 - {train_predict.py:86} - fitting model started ....
11/30 10:16 - {train_predict.py:88} - model fitting finished
11/30 10:16 - {train_predict.py:97} - score_test: 0.352666666667
11/30 10:16 - {train_predict.py:98} - score_train: 0.0173333333333
